<?xml version="1.0" encoding="UTF-8"?>
<testng-results ignored="0" total="0" passed="0" failed="0" skipped="0">
  <reporter-output>
  </reporter-output>
  <suite started-at="2023-09-28T10:18:32 EDT" name="Default suite" finished-at="2023-09-28T10:18:32 EDT" duration-ms="48">
    <groups>
    </groups>
    <test started-at="2023-09-28T10:18:32 EDT" name="Default test" finished-at="2023-09-28T10:18:32 EDT" duration-ms="48">
    </test> <!-- Default test -->
  </suite> <!-- Default suite -->
</testng-results>
